2024-12-19T12:20:01.008Z  INFO 126552 --- [myapp] [           main] o.s.b.d.f.logexample.MyApplication       : Starting MyApplication using Java 17.0.13 with PID 126552 (/opt/apps/myapp.jar started by myuser in /opt/apps/)
2024-12-19T12:20:01.029Z  INFO 126552 --- [myapp] [           main] o.s.b.d.f.logexample.MyApplication       : No active profile set, falling back to 1 default profile: "default"
2024-12-19T12:20:05.080Z  INFO 126552 --- [myapp] [           main] o.s.b.w.embedded.tomcat.TomcatWebServer  : Tomcat initialized with port 8080 (http)
2024-12-19T12:20:05.139Z  INFO 126552 --- [myapp] [           main] o.apache.catalina.core.StandardService   : Starting service [Tomcat]
2024-12-19T12:20:05.140Z  INFO 126552 --- [myapp] [           main] o.apache.catalina.core.StandardEngine    : Starting Servlet engine: [Apache Tomcat/10.1.34]
2024-12-19T12:20:05.333Z  INFO 126552 --- [myapp] [           main] o.a.c.c.C.[Tomcat].[localhost].[/]       : Initializing Spring embedded WebApplicationContext
2024-12-19T12:20:05.339Z  INFO 126552 --- [myapp] [           main] w.s.c.ServletWebServerApplicationContext : Root WebApplicationContext: initialization completed in 3953 ms
2024-12-19T12:20:06.470Z  INFO 126552 --- [myapp] [           main] o.s.b.w.embedded.tomcat.TomcatWebServer  : Tomcat started on port 8080 (http) with context path '/'
2024-12-19T12:20:06.527Z  INFO 126552 --- [myapp] [           main] o.s.b.d.f.logexample.MyApplication       : Started MyApplication in 7.719 seconds (process running for 8.989)
2024-12-19T12:20:06.549Z  INFO 126552 --- [myapp] [ionShutdownHook] o.s.b.w.e.tomcat.GracefulShutdown        : Commencing graceful shutdown. Waiting for active requests to complete
2024-12-19T12:20:06.590Z  INFO 126552 --- [myapp] [tomcat-shutdown] o.s.b.w.e.tomcat.GracefulShutdown        : Graceful shutdown complete
and here
is
some trace
 ha
  ha
 he
2024-12-20T12:20:06.549Z  INFO 126552 --- [myapp] [ionShutdownHook] o.s.b.w.e.tomcat.GracefulShutdown        : Shut!
2024-12-21T12:20:06.590Z  INFO 126552 --- [myapp] [tomcat-shutdown] o.s.b.w.e.tomcat.GracefulShutdown        : Graceful shutdown complete
another
trace
2025-01-11T18:43:30.649+09:00  INFO 1586206 --- [spring-micrometer-tracing-demo] [nio-8080-exec-1] [67823d423bb7d2e7b26bbded45d4a8da-b26bbded45d4a8da] com.kishorek.Main                        : This is my house, I have to defend it.
test1
 test2
test 3
test4
